# Test: ma_fetch.hex

      Clk#   PC 
         4: 0000a000 
         5: 0000a004 X10: 00000000
         6: 0000a006 
         7: 0000a008 X28: 00000000
         8: 0000a00c X 5: 00001008
         9: 0000a010 X 5: 000008c0
        10: 0000a014 
        11: 0000a016 X10: 00000001
        12: 0000a018 X10: 80000000
        13: 0000a028 
        14: 0000a02c X 5: 00000028
        15: 0000a030 X 5: 00000000
        16: 0000a050 
        18: 0000a054 
        19: 0000a058 X10: 00002000
        20: 0000a05c X10: 00001800
        22: 0000a060 
        23: 0000a064 X 5: 0000a060
        24: 0000a068 X 5: 0000a0a0
        25: 0000a06c 
        26: 0000a070 X10: 00000000
        28: 0000a0a0 
        29: 0000a0a4 X28: 00000002
        30: 0000a0a8 X 6: 00000000
        31: 0000a0ac X 5: 0000a0a8
        32: 0000a0b0 X 5: 0000a0b4
        33: 0000a0b6 X 6: 0000a0b4
        34: 0000a0bc 
        35: 0000a0c0 X28: 00000003
        36: 0000a0c4 X 5: 0000a0c0
        37: 0000a0c8 X 5: 0000a0cc
        38: 0000a0cc X 6: 0000a0cc
        39: 0000a0d4 
        40: 0000a0d8 X28: 00000004
        41: 0000a0dc X 6: 00000000
        42: 0000a0e0 X 5: 0000a0dc
        43: 0000a0e4 X 5: 0000a0e8
        44: 0000a0ea X 6: 0000a0e8
        45: 0000a0f0 
        46: 0000a0f4 X16: f0000000
        47: 0000a0f8 X15: 0000006d
        49: 0000a0fc 
        50: 0000a100 X15: 00000069
        52: 0000a104 
        53: 0000a108 X15: 00000073
        55: 0000a10c 
        56: 0000a110 X15: 00000061
        58: 0000a114 
        59: 0000a118 X15: 0000006c
        61: 0000a11c 
        62: 0000a120 X15: 00000069
        64: 0000a124 
        65: 0000a128 X15: 00000067
        67: 0000a12c 
        68: 0000a130 X15: 0000006e
        70: 0000a134 
        71: 0000a138 X15: 0000000a
        73: 0000a13c 
        74: 0000a154 
        75: 0000a158 
        76: 0000a15c X11: 00000004
        77: 0000a160 X10: 00000000
        78: 000008c0 
        79: 000008c4 X14: 0000000b
        80: 000008c6 X15: 0000000b
        81: 000008f4 
        82: 0000a1c0 
        83: 000000f4 
        84: 000000f8 
        85: 000000f8 
